TN:
SF:src/modificacion/adapter.ts
FN:15,(anonymous_0)
FN:19,(anonymous_1)
FN:25,(anonymous_2)
FN:29,(anonymous_3)
FN:33,(anonymous_4)
FN:37,(anonymous_5)
FNF:6
FNH:5
FNDA:4,(anonymous_0)
FNDA:4,(anonymous_1)
FNDA:1,(anonymous_2)
FNDA:1,(anonymous_3)
FNDA:1,(anonymous_4)
FNDA:0,(anonymous_5)
DA:1,1
DA:12,1
DA:16,4
DA:21,4
DA:22,4
DA:26,1
DA:30,1
DA:34,1
DA:38,0
LF:9
LH:8
BRF:0
BRH:0
end_of_record
TN:
SF:src/modificacion/arithmeticableCollection.ts
FN:12,(anonymous_0)
FN:15,(anonymous_1)
FN:19,(anonymous_2)
FN:23,(anonymous_3)
FNF:4
FNH:4
FNDA:2,(anonymous_0)
FNDA:5,(anonymous_1)
FNDA:2,(anonymous_2)
FNDA:1,(anonymous_3)
DA:9,1
DA:13,2
DA:16,5
DA:20,2
DA:24,1
LF:5
LH:5
BRF:0
BRH:0
end_of_record
TN:
SF:src/modificacion/complex.ts
FN:10,(anonymous_0)
FN:12,(anonymous_1)
FN:16,(anonymous_2)
FN:20,(anonymous_3)
FN:24,(anonymous_4)
FN:28,(anonymous_5)
FN:34,(anonymous_6)
FNF:7
FNH:6
FNDA:24,(anonymous_0)
FNDA:7,(anonymous_1)
FNDA:7,(anonymous_2)
FNDA:2,(anonymous_3)
FNDA:2,(anonymous_4)
FNDA:2,(anonymous_5)
FNDA:0,(anonymous_6)
DA:9,1
DA:10,24
DA:13,7
DA:17,7
DA:21,2
DA:25,2
DA:29,2
DA:30,2
DA:31,2
DA:35,0
DA:36,0
DA:37,0
DA:38,0
LF:13
LH:9
BRF:0
BRH:0
end_of_record
TN:
SF:src/modificacion/rational.ts
FN:11,(anonymous_0)
FN:21,(anonymous_1)
FN:25,(anonymous_2)
FN:29,(anonymous_3)
FN:33,(anonymous_4)
FN:39,(anonymous_5)
FN:45,(anonymous_6)
FN:51,(anonymous_7)
FN:60,(anonymous_8)
FNF:9
FNH:8
FNDA:16,(anonymous_0)
FNDA:54,(anonymous_1)
FNDA:8,(anonymous_2)
FNDA:8,(anonymous_3)
FNDA:1,(anonymous_4)
FNDA:1,(anonymous_5)
FNDA:1,(anonymous_6)
FNDA:1,(anonymous_7)
FNDA:0,(anonymous_8)
DA:10,1
DA:11,16
DA:12,16
DA:13,0
DA:16,16
DA:17,16
DA:18,16
DA:22,54
DA:26,8
DA:30,8
DA:34,1
DA:35,1
DA:36,1
DA:40,1
DA:41,1
DA:42,1
DA:46,1
DA:47,1
DA:48,1
DA:52,1
DA:53,0
DA:55,1
DA:56,1
DA:57,1
DA:61,0
LF:25
LH:22
BRDA:12,0,0,0
BRDA:12,0,1,16
BRDA:22,1,0,16
BRDA:22,1,1,38
BRDA:52,2,0,0
BRDA:52,2,1,1
BRF:6
BRH:4
end_of_record
